-0.16908926275527172
-0.1690524049239141
-0.16901474404530115
-0.16902307738080738
-0.1690798593916716
-0.1690837851340391
-0.1690461237029509
-0.1690141632287673
-0.1690277860596755
-0.16908371256964286
-0.16908078067628346
-0.16904474158017624
-0.16901196403207439
-0.16903317301080864
-0.16908783999484456
-0.16908019793585344
-0.16904027123722912
-0.16900666759845165
-0.1690385994000913
-0.1690927820263521
-0.16907709741618646
-0.1690318157474469
-0.16900365578743826
-0.16904872400310705
-0.16909656666618936
-0.16907120739400114
-0.16902491372614678
-0.1690054028562737
-0.1690615084418881
-0.16909732952330989
-0.16906445026914277
-0.16901977601924423
-0.1690087837330612
-0.16906942996092264
-0.1690936981250834
-0.16905776550855287
-0.16901607122935539
-0.16901202092861942
-0.1690769590988439
-0.16909176966916228
-0.16905402040535616
-0.16901235909925366
-0.16901736033369455
-0.1690847459685499
-0.16909035534676262
-0.16904838452880422
-0.16900663034076266
-0.16902335367423574
-0.16909124149510837
-0.16908618459859356
-0.16904015517545168
-0.16900291923555205
-0.16903287494400335
-0.16909558331070956
-0.16908055117120765
-0.16903390308620184
-0.16900274590721814
-0.16904459300211724
-0.16909854774651836
-0.16907499697399825
-0.16902883385621698
-0.16900287426063337
-0.16905344993896332
-0.16909778695827116
-0.1690688542355601
-0.16902288517135491
-0.1690034111639226
-0.16906323202819348
-0.16909793327535813
-0.16906372791458069
-0.16901758963658736
-0.16900762655227408
-0.16907413362652127
-0.1690966701276139
-0.16905715253841647
-0.16901176533650106
-0.16901316541886924
-0.16908223578125162
-0.1690918842838697
-0.1690491567289713
-0.1690084483625472
-0.16902057135969534
-0.16908716660200046
-0.16908658831414558
-0.16904412116934314
-0.16900740673825185
-0.16902932050670785
-0.16909180276278374
-0.16908292959405574
-0.16903991544261052
-0.16900522540601676
-0.16903656773659115
-0.16909410318888132
-0.169078466211733
-0.16903274720873912
-0.16900284987920383
-0.1690462807510843
-0.1690971767866576
-0.16907293588692712
-0.16902628585294033
